<?xml version="1.0" encoding="UTF-8"?>
<!-- Generated by org.testng.reporters.JUnitReportReporter -->
<testsuite name="com.evoke.browserstack.BrowserStackMobileDemoWithJson" tests="2" time="1.249" ignored="1" failures="0" timestamp="21 Mar 2017 10:04:43 GMT" skipped="0" hostname="KSAKINAL-L-505" errors="0">
  <testcase name="urlVerification" time="0.396" classname="com.evoke.browserstack.BrowserStackMobileDemoWithJson"/>
  <testcase name="titleVerification" time="0.853" classname="com.evoke.browserstack.BrowserStackMobileDemoWithJson"/>
  <testcase name="init" classname="com.evoke.browserstack.BaseTest">
    <skipped/>
  </testcase> <!-- init -->
</testsuite> <!-- com.evoke.browserstack.BrowserStackMobileDemoWithJson -->
