<?xml version="1.0" encoding="UTF-8"?>
<!-- Generated by org.testng.reporters.JUnitReportReporter -->
<testsuite name="com.evoke.browserstack.BrowserStackDemoWithJson" tests="2" time="0.615" ignored="0" failures="0" timestamp="21 Mar 2017 08:15:59 GMT" skipped="0" hostname="KSAKINAL-L-505" errors="0">
  <testcase name="urlVerification" time="0.331" classname="com.evoke.browserstack.BrowserStackDemoWithJson"/>
  <testcase name="titleVerification" time="0.284" classname="com.evoke.browserstack.BrowserStackDemoWithJson"/>
</testsuite> <!-- com.evoke.browserstack.BrowserStackDemoWithJson -->
