<?xml version="1.0" encoding="UTF-8"?>
<!-- Generated by org.testng.reporters.JUnitReportReporter -->
<testsuite name="com.evoke.browserstack.BrowserStackMobileDemo" tests="2" time="1.037" ignored="0" failures="0" timestamp="20 Mar 2017 08:35:40 GMT" skipped="0" hostname="KSAKINAL-L-505" errors="0">
  <testcase name="urlVerification" time="0.412" classname="com.evoke.browserstack.BrowserStackMobileDemo"/>
  <testcase name="titleVerification" time="0.625" classname="com.evoke.browserstack.BrowserStackMobileDemo"/>
</testsuite> <!-- com.evoke.browserstack.BrowserStackMobileDemo -->
