<?xml version="1.0" encoding="UTF-8"?>
<!-- Generated by org.testng.reporters.JUnitReportReporter -->
<testsuite name="com.evoke.browserstack.BrowserStackDemoWithJson" tests="2" time="0.515" ignored="0" failures="0" timestamp="20 Mar 2017 13:08:46 GMT" skipped="0" hostname="KSAKINAL-L-505" errors="0">
  <testcase name="urlVerification" time="0.260" classname="com.evoke.browserstack.BrowserStackDemoWithJson"/>
  <testcase name="titleVerification" time="0.255" classname="com.evoke.browserstack.BrowserStackDemoWithJson"/>
</testsuite> <!-- com.evoke.browserstack.BrowserStackDemoWithJson -->
