<?xml version="1.0" encoding="UTF-8"?>
<!-- Generated by org.testng.reporters.JUnitReportReporter -->
<testsuite name="com.evoke.browserstack.BrowserStackWebDemo" tests="2" time="0.525" ignored="0" failures="0" timestamp="20 Mar 2017 08:35:40 GMT" skipped="0" hostname="KSAKINAL-L-505" errors="0">
  <testcase name="urlVerification" time="0.241" classname="com.evoke.browserstack.BrowserStackWebDemo"/>
  <testcase name="titleVerification" time="0.284" classname="com.evoke.browserstack.BrowserStackWebDemo"/>
</testsuite> <!-- com.evoke.browserstack.BrowserStackWebDemo -->
